\BOOKMARK [0][-]{chapter*.3}{\376\377\004\037\004\100\004\065\004\064\004\070\004\101\004\073\004\076\004\062\004\070\004\065}{}% 1
\BOOKMARK [1][-]{section*.4}{\376\377\004\041\004\102\004\100\004\103\004\072\004\102\004\103\004\100\004\060\000\040\004\072\004\075\004\070\004\063\004\070}{chapter*.3}% 2
\BOOKMARK [1][-]{section*.5}{\376\377\004\036\004\101\004\075\004\076\004\062\004\075\004\113\004\065\000\040\004\077\004\076\004\075\004\117\004\102\004\070\004\117}{chapter*.3}% 3
\BOOKMARK [1][-]{section*.6}{\376\377\004\021\004\073\004\060\004\063\004\076\004\064\004\060\004\100\004\075\004\076\004\101\004\102\004\070}{chapter*.3}% 4
\BOOKMARK [0][-]{chapter.1}{\376\377\004\036\004\101\004\075\004\076\004\062\004\113}{}% 5
\BOOKMARK [1][-]{section.1.1}{\376\377\004\036\004\061\004\111\004\060\004\117\000\040\004\072\004\060\004\100\004\102\004\070\004\075\004\060}{chapter.1}% 6
\BOOKMARK [2][-]{section*.7}{\376\377\004\042\004\070\004\077\004\113}{section.1.1}% 7
\BOOKMARK [2][-]{section*.8}{\376\377\004\027\004\075\004\060\004\107\004\065\004\075\004\070\004\117}{section.1.1}% 8
\BOOKMARK [2][-]{section*.9}{\376\377\004\032\004\073\004\060\004\101\004\101\004\113\000\040\004\102\004\070\004\077\004\076\004\062}{section.1.1}% 9
\BOOKMARK [2][-]{section*.10}{\376\377\004\032\004\076\004\075\004\102\004\065\004\072\004\101\004\102\000\040\004\072\004\073\004\060\004\101\004\101\004\076\004\062\000\040\004\102\004\070\004\077\004\076\004\062\000.\000\040\004\041\004\103\004\077\004\065\004\100\004\072\004\073\004\060\004\101\004\101\004\113}{section.1.1}% 10
\BOOKMARK [2][-]{section*.11}{\376\377\004\055\004\072\004\067\004\065\004\074\004\077\004\073\004\117\004\100\004\113\000\040\004\072\004\073\004\060\004\101\004\101\004\076\004\062\000\040\004\102\004\070\004\077\004\076\004\062}{section.1.1}% 11
\BOOKMARK [1][-]{section.1.2}{\376\377\004\057\004\064\004\100\004\076\000\040\000H\000a\000s\000k\000e\000l\000l}{chapter.1}% 12
\BOOKMARK [1][-]{section.1.3}{\376\377\004\024\004\062\004\103\004\074\004\065\004\100\004\075\004\113\004\071\000\040\004\101\004\070\004\075\004\102\004\060\004\072\004\101\004\070\004\101}{chapter.1}% 13
\BOOKMARK [1][-]{section.1.4}{\376\377\004\032\004\100\004\060\004\102\004\072\004\076\004\065\000\040\004\101\004\076\004\064\004\065\004\100\004\066\004\060\004\075\004\070\004\065}{chapter.1}% 14
\BOOKMARK [1][-]{section.1.5}{\376\377\004\043\004\077\004\100\004\060\004\066\004\075\004\065\004\075\004\070\004\117}{chapter.1}% 15
\BOOKMARK [0][-]{chapter.2}{\376\377\004\037\004\065\004\100\004\062\004\060\004\117\000\040\004\077\004\100\004\076\004\063\004\100\004\060\004\074\004\074\004\060}{}% 16
\BOOKMARK [1][-]{section.2.1}{\376\377\004\030\004\075\004\102\004\065\004\100\004\077\004\100\004\065\004\102\004\060\004\102\004\076\004\100}{chapter.2}% 17
\BOOKMARK [1][-]{section.2.2}{\376\377\004\043\000-\004\062\004\065\004\071}{chapter.2}% 18
\BOOKMARK [1][-]{section.2.3}{\376\377\004\033\004\076\004\063\004\070\004\107\004\065\004\101\004\072\004\070\004\065\000\040\004\067\004\075\004\060\004\107\004\065\004\075\004\070\004\117}{chapter.2}% 19
\BOOKMARK [1][-]{section.2.4}{\376\377\004\032\004\073\004\060\004\101\004\101\000\040\000S\000h\000o\000w\000.\000\040\004\041\004\102\004\100\004\076\004\072\004\070\000\040\004\070\000\040\004\101\004\070\004\074\004\062\004\076\004\073\004\113}{chapter.2}% 20
\BOOKMARK [2][-]{section*.19}{\376\377\004\041\004\102\004\100\004\076\004\072\004\070\000\040\004\070\000\040\004\101\004\070\004\074\004\062\004\076\004\073\004\113}{section.2.4}% 21
\BOOKMARK [2][-]{section*.20}{\376\377\004\037\004\100\004\070\004\074\004\065\004\100\000:\000\040\004\036\004\102\004\076\004\061\004\100\004\060\004\066\004\065\004\075\004\070\004\065\000\040\004\064\004\060\004\102\000\040\004\070\000\040\004\062\004\100\004\065\004\074\004\065\004\075\004\070}{section.2.4}% 22
\BOOKMARK [1][-]{section.2.5}{\376\377\004\020\004\062\004\102\004\076\004\074\004\060\004\102\004\070\004\107\004\065\004\101\004\072\004\070\004\071\000\040\004\062\004\113\004\062\004\076\004\064\000\040\004\115\004\072\004\067\004\065\004\074\004\077\004\073\004\117\004\100\004\076\004\062\000\040\004\072\004\073\004\060\004\101\004\101\004\076\004\062\000\040\004\102\004\070\004\077\004\076\004\062}{chapter.2}% 23
\BOOKMARK [1][-]{section.2.6}{\376\377\004\020\004\100\004\070\004\104\004\074\004\065\004\102\004\070\004\072\004\060}{chapter.2}% 24
\BOOKMARK [2][-]{section*.21}{\376\377\004\032\004\073\004\060\004\101\004\101\000\040\000E\000q\000.\000\040\004\041\004\100\004\060\004\062\004\075\004\065\004\075\004\070\004\065\000\040\004\075\004\060\000\040\004\100\004\060\004\062\004\065\004\075\004\101\004\102\004\062\004\076}{section.2.6}% 25
\BOOKMARK [2][-]{section*.22}{\376\377\004\032\004\073\004\060\004\101\004\101\000\040\000N\000u\000m\000.\000\040\004\041\004\073\004\076\004\066\004\065\004\075\004\070\004\065\000\040\004\070\000\040\004\103\004\074\004\075\004\076\004\066\004\065\004\075\004\070\004\065}{section.2.6}% 26
\BOOKMARK [2][-]{section*.28}{\376\377\004\032\004\073\004\060\004\101\004\101\000\040\000F\000r\000a\000c\000t\000i\000o\000n\000a\000l\000.\000\040\004\024\004\065\004\073\004\065\004\075\004\070\004\065}{section.2.6}% 27
\BOOKMARK [2][-]{section*.29}{\376\377\004\041\004\102\004\060\004\075\004\064\004\060\004\100\004\102\004\075\004\113\004\065\000\040\004\107\004\070\004\101\004\073\004\060}{section.2.6}% 28
\BOOKMARK [1][-]{section.2.7}{\376\377\004\024\004\076\004\072\004\103\004\074\004\065\004\075\004\102\004\060\004\106\004\070\004\117}{chapter.2}% 29
\BOOKMARK [1][-]{section.2.8}{\376\377\004\032\004\100\004\060\004\102\004\072\004\076\004\065\000\040\004\101\004\076\004\064\004\065\004\100\004\066\004\060\004\075\004\070\004\065}{chapter.2}% 30
\BOOKMARK [1][-]{section.2.9}{\376\377\004\043\004\077\004\100\004\060\004\066\004\075\004\065\004\075\004\070\004\117}{chapter.2}% 31
\BOOKMARK [0][-]{chapter.3}{\376\377\004\042\004\070\004\077\004\113}{}% 32
\BOOKMARK [1][-]{section.3.1}{\376\377\004\041\004\102\004\100\004\103\004\072\004\102\004\103\004\100\004\060\000\040\004\060\004\073\004\063\004\065\004\061\004\100\004\060\004\070\004\107\004\065\004\101\004\072\004\070\004\105\000\040\004\102\004\070\004\077\004\076\004\062\000\040\004\064\004\060\004\075\004\075\004\113\004\105}{chapter.3}% 33
\BOOKMARK [1][-]{section.3.2}{\376\377\004\041\004\102\004\100\004\103\004\072\004\102\004\103\004\100\004\060\000\040\004\072\004\076\004\075\004\101\004\102\004\060\004\075\004\102}{chapter.3}% 34
\BOOKMARK [2][-]{section*.39}{\376\377\004\035\004\065\004\101\004\072\004\076\004\073\004\114\004\072\004\076\000\040\004\101\004\073\004\076\004\062\000\040\004\076\000\040\004\102\004\065\004\076\004\100\004\070\004\070\000\040\004\063\004\100\004\060\004\104\004\076\004\062}{section.3.2}% 35
\BOOKMARK [2][-]{section*.40}{\376\377\004\041\004\102\004\100\004\076\004\107\004\075\004\060\004\117\000\040\004\067\004\060\004\077\004\070\004\101\004\114\000\040\004\064\004\065\004\100\004\065\004\062\004\114\004\065\004\062}{section.3.2}% 36
\BOOKMARK [1][-]{section.3.3}{\376\377\004\041\004\102\004\100\004\103\004\072\004\102\004\103\004\100\004\060\000\040\004\104\004\103\004\075\004\072\004\106\004\070\004\071}{chapter.3}% 37
\BOOKMARK [2][-]{section*.41}{\376\377\004\032\004\076\004\074\004\077\004\076\004\067\004\070\004\106\004\070\004\117\000\040\004\070\000\040\004\107\004\060\004\101\004\102\004\070\004\107\004\075\004\076\004\065\000\040\004\077\004\100\004\070\004\074\004\065\004\075\004\065\004\075\004\070\004\065}{section.3.3}% 38
\BOOKMARK [2][-]{section*.43}{\376\377\004\024\004\065\004\072\004\076\004\074\004\077\004\076\004\067\004\070\004\106\004\070\004\117\000\040\004\070\000\040\004\101\004\076\004\077\004\076\004\101\004\102\004\060\004\062\004\073\004\065\004\075\004\070\004\065\000\040\004\101\000\040\004\076\004\061\004\100\004\060\004\067\004\106\004\076\004\074}{section.3.3}% 39
\BOOKMARK [1][-]{section.3.4}{\376\377\004\037\004\100\004\076\004\062\004\065\004\100\004\072\004\060\000\040\004\102\004\070\004\077\004\076\004\062}{chapter.3}% 40
\BOOKMARK [2][-]{section*.45}{\376\377\004\037\004\100\004\076\004\062\004\065\004\100\004\072\004\060\000\040\004\102\004\070\004\077\004\076\004\062\000\040\004\101\000\040\004\072\004\076\004\075\004\102\004\065\004\072\004\101\004\102\004\076\004\074}{section.3.4}% 41
\BOOKMARK [2][-]{section*.46}{\376\377\004\036\004\063\004\100\004\060\004\075\004\070\004\107\004\065\004\075\004\070\004\065\000\040\004\074\004\076\004\075\004\076\004\074\004\076\004\100\004\104\004\070\004\067\004\074\004\060}{section.3.4}% 42
\BOOKMARK [1][-]{section.3.5}{\376\377\004\040\004\065\004\072\004\103\004\100\004\101\004\070\004\062\004\075\004\113\004\065\000\040\004\102\004\070\004\077\004\113}{chapter.3}% 43
\BOOKMARK [1][-]{section.3.6}{\376\377\004\032\004\100\004\060\004\102\004\072\004\076\004\065\000\040\004\101\004\076\004\064\004\065\004\100\004\066\004\060\004\075\004\070\004\065}{chapter.3}% 44
\BOOKMARK [1][-]{section.3.7}{\376\377\004\043\004\077\004\100\004\060\004\066\004\075\004\065\004\075\004\070\004\117}{chapter.3}% 45
\BOOKMARK [0][-]{chapter.4}{\376\377\004\024\004\065\004\072\004\073\004\060\004\100\004\060\004\102\004\070\004\062\004\075\004\113\004\071\000\040\004\070\000\040\004\072\004\076\004\074\004\077\004\076\004\067\004\070\004\106\004\070\004\076\004\075\004\075\004\113\004\071\000\040\004\101\004\102\004\070\004\073\004\114}{}% 46
\BOOKMARK [1][-]{section.4.1}{\376\377\004\033\004\076\004\072\004\060\004\073\004\114\004\075\004\113\004\065\000\040\004\077\004\065\004\100\004\065\004\074\004\065\004\075\004\075\004\113\004\065}{chapter.4}% 47
\BOOKMARK [2][-]{section*.47}{\376\377\000w\000h\000e\000r\000e\000-\004\062\004\113\004\100\004\060\004\066\004\065\004\075\004\070\004\117}{section.4.1}% 48
\BOOKMARK [2][-]{section*.48}{\376\377\000l\000e\000t\000-\004\062\004\113\004\100\004\060\004\066\004\065\004\075\004\070\004\117}{section.4.1}% 49
\BOOKMARK [1][-]{section.4.2}{\376\377\004\024\004\065\004\072\004\076\004\074\004\077\004\076\004\067\004\070\004\106\004\070\004\117}{chapter.4}% 50
\BOOKMARK [2][-]{section*.49}{\376\377\004\041\004\076\004\077\004\076\004\101\004\102\004\060\004\062\004\073\004\065\004\075\004\070\004\065\000\040\004\101\000\040\004\076\004\061\004\100\004\060\004\067\004\106\004\076\004\074}{section.4.2}% 51
\BOOKMARK [2][-]{section*.50}{\376\377\000c\000a\000s\000e\000-\004\062\004\113\004\100\004\060\004\066\004\065\004\075\004\070\004\117}{section.4.2}% 52
\BOOKMARK [1][-]{section.4.3}{\376\377\004\043\004\101\004\073\004\076\004\062\004\075\004\113\004\065\000\040\004\062\004\113\004\100\004\060\004\066\004\065\004\075\004\070\004\117}{chapter.4}% 53
\BOOKMARK [2][-]{section*.51}{\376\377\004\036\004\105\004\100\004\060\004\075\004\075\004\113\004\065\000\040\004\062\004\113\004\100\004\060\004\066\004\065\004\075\004\070\004\117}{section.4.3}% 54
\BOOKMARK [2][-]{section*.52}{\376\377\000i\000f\000-\004\062\004\113\004\100\004\060\004\066\004\065\004\075\004\070\004\117}{section.4.3}% 55
\BOOKMARK [1][-]{section.4.4}{\376\377\004\036\004\077\004\100\004\065\004\064\004\065\004\073\004\065\004\075\004\070\004\065\000\040\004\104\004\103\004\075\004\072\004\106\004\070\004\071}{chapter.4}% 56
\BOOKMARK [2][-]{section*.53}{\376\377\004\043\004\100\004\060\004\062\004\075\004\065\004\075\004\070\004\117}{section.4.4}% 57
\BOOKMARK [2][-]{section*.54}{\376\377\004\021\004\065\004\067\004\113\004\074\004\117\004\075\004\075\004\113\004\065\000\040\004\104\004\103\004\075\004\072\004\106\004\070\004\070}{section.4.4}% 58
\BOOKMARK [1][-]{section.4.5}{\376\377\004\032\004\060\004\072\004\076\004\071\000\040\004\101\004\102\004\070\004\073\004\114\000\040\004\073\004\103\004\107\004\110\004\065\000?}{chapter.4}% 59
\BOOKMARK [1][-]{section.4.6}{\376\377\004\032\004\100\004\060\004\102\004\072\004\076\004\065\000\040\004\101\004\076\004\064\004\065\004\100\004\066\004\060\004\075\004\070\004\065}{chapter.4}% 60
\BOOKMARK [1][-]{section.4.7}{\376\377\004\043\004\077\004\100\004\060\004\066\004\075\004\065\004\075\004\070\004\117}{chapter.4}% 61
\BOOKMARK [0][-]{chapter.5}{\376\377\004\044\004\103\004\075\004\072\004\106\004\070\004\070\000\040\004\062\004\113\004\101\004\110\004\065\004\063\004\076\000\040\004\077\004\076\004\100\004\117\004\064\004\072\004\060}{}% 62
\BOOKMARK [1][-]{section.5.1}{\376\377\004\036\004\061\004\076\004\061\004\111\004\121\004\075\004\075\004\113\004\065\000\040\004\104\004\103\004\075\004\072\004\106\004\070\004\070}{chapter.5}% 63
\BOOKMARK [2][-]{section*.56}{\376\377\004\044\004\103\004\075\004\072\004\106\004\070\004\117\000\040\004\102\004\076\004\066\004\064\004\065\004\101\004\102\004\062\004\060}{section.5.1}% 64
\BOOKMARK [2][-]{section*.57}{\376\377\004\032\004\076\004\075\004\101\004\102\004\060\004\075\004\102\004\075\004\060\004\117\000\040\004\104\004\103\004\075\004\072\004\106\004\070\004\117}{section.5.1}% 65
\BOOKMARK [2][-]{section*.58}{\376\377\004\044\004\103\004\075\004\072\004\106\004\070\004\117\000\040\004\072\004\076\004\074\004\077\004\076\004\067\004\070\004\106\004\070\004\070}{section.5.1}% 66
\BOOKMARK [2][-]{section*.59}{\376\377\004\020\004\075\004\060\004\073\004\076\004\063\004\070\004\117\000\040\004\101\000\040\004\107\004\070\004\101\004\073\004\060\004\074\004\070}{section.5.1}% 67
\BOOKMARK [2][-]{section*.60}{\376\377\004\044\004\103\004\075\004\072\004\106\004\070\004\117\000\040\004\077\004\065\004\100\004\065\004\101\004\102\004\060\004\075\004\076\004\062\004\072\004\070}{section.5.1}% 68
\BOOKMARK [2][-]{section*.61}{\376\377\004\044\004\103\004\075\004\072\004\106\004\070\004\117\000\040\000o\000n}{section.5.1}% 69
\BOOKMARK [2][-]{section*.62}{\376\377\004\044\004\103\004\075\004\072\004\106\004\070\004\117\000\040\004\077\004\100\004\070\004\074\004\065\004\075\004\065\004\075\004\070\004\117}{section.5.1}% 70
\BOOKMARK [1][-]{section.5.2}{\376\377\004\037\004\100\004\070\004\076\004\100\004\070\004\102\004\065\004\102\000\040\004\070\004\075\004\104\004\070\004\072\004\101\004\075\004\113\004\105\000\040\004\076\004\077\004\065\004\100\004\060\004\106\004\070\004\071}{chapter.5}% 71
\BOOKMARK [2][-]{section*.63}{\376\377\004\037\004\100\004\070\004\076\004\100\004\070\004\102\004\065\004\102\000\040\004\104\004\103\004\075\004\072\004\106\004\070\004\070\000\040\004\072\004\076\004\074\004\077\004\076\004\067\004\070\004\106\004\070\004\070}{section.5.2}% 72
\BOOKMARK [2][-]{section*.64}{\376\377\004\037\004\100\004\070\004\076\004\100\004\070\004\102\004\065\004\102\000\040\004\104\004\103\004\075\004\072\004\106\004\070\004\070\000\040\004\077\004\100\004\070\004\074\004\065\004\075\004\065\004\075\004\070\004\117}{section.5.2}% 73
\BOOKMARK [1][-]{section.5.3}{\376\377\004\044\004\103\004\075\004\072\004\106\004\070\004\076\004\075\004\060\004\073\004\114\004\075\004\113\004\071\000\040\004\072\004\060\004\073\004\114\004\072\004\103\004\073\004\117\004\102\004\076\004\100}{chapter.5}% 74
\BOOKMARK [1][-]{section.5.4}{\376\377\004\044\004\103\004\075\004\072\004\106\004\070\004\070\000,\000\040\004\062\004\076\004\067\004\062\004\100\004\060\004\111\004\060\004\116\004\111\004\070\004\065\000\040\004\075\004\065\004\101\004\072\004\076\004\073\004\114\004\072\004\076\000\040\004\067\004\075\004\060\004\107\004\065\004\075\004\070\004\071}{chapter.5}% 75
\BOOKMARK [1][-]{section.5.5}{\376\377\004\032\004\076\004\074\004\061\004\070\004\075\004\060\004\102\004\076\004\100\000\040\004\075\004\065\004\077\004\076\004\064\004\062\004\070\004\066\004\075\004\076\004\071\000\040\004\102\004\076\004\107\004\072\004\070}{chapter.5}% 76
\BOOKMARK [1][-]{section.5.6}{\376\377\004\032\004\100\004\060\004\102\004\072\004\076\004\065\000\040\004\101\004\076\004\064\004\065\004\100\004\066\004\060\004\075\004\070\004\065}{chapter.5}% 77
\BOOKMARK [1][-]{section.5.7}{\376\377\004\043\004\077\004\100\004\060\004\066\004\075\004\065\004\075\004\070\004\117}{chapter.5}% 78
\BOOKMARK [0][-]{chapter.6}{\376\377\004\044\004\103\004\075\004\072\004\102\004\076\004\100\004\113\000\040\004\070\000\040\004\074\004\076\004\075\004\060\004\064\004\113\000:\000\040\004\102\004\065\004\076\004\100\004\070\004\117}{}% 79
\BOOKMARK [1][-]{section.6.1}{\376\377\004\032\004\076\004\074\004\077\004\076\004\067\004\070\004\106\004\070\004\117\000\040\004\104\004\103\004\075\004\072\004\106\004\070\004\071}{chapter.6}% 80
\BOOKMARK [2][-]{section*.67}{\376\377\004\032\004\073\004\060\004\101\004\101\000\040\000C\000a\000t\000e\000g\000o\000r\000y}{section.6.1}% 81
\BOOKMARK [2][-]{section*.68}{\376\377\004\041\004\077\004\065\004\106\004\070\004\060\004\073\004\114\004\075\004\113\004\065\000\040\004\104\004\103\004\075\004\072\004\106\004\070\004\070}{section.6.1}% 82
\BOOKMARK [2][-]{section*.69}{\376\377\004\022\004\067\004\060\004\070\004\074\004\076\004\064\004\065\004\071\004\101\004\102\004\062\004\070\004\065\000\040\004\101\000\040\004\062\004\075\004\065\004\110\004\075\004\070\004\074\000\040\004\074\004\070\004\100\004\076\004\074}{section.6.1}% 83
\BOOKMARK [2][-]{section*.70}{\376\377\004\042\004\100\004\070\000\040\004\072\004\076\004\074\004\077\004\076\004\067\004\070\004\106\004\070\004\070}{section.6.1}% 84
\BOOKMARK [2][-]{section*.71}{\376\377\004\036\004\061\004\076\004\061\004\111\004\121\004\075\004\075\004\060\004\117\000\040\004\104\004\076\004\100\004\074\004\103\004\073\004\070\004\100\004\076\004\062\004\072\004\060\000\040\004\072\004\060\004\102\004\065\004\063\004\076\004\100\004\070\004\070\000\040\004\032\004\073\004\065\004\071\004\101\004\073\004\070}{section.6.1}% 85
\BOOKMARK [1][-]{section.6.2}{\376\377\004\037\004\100\004\070\004\074\004\065\004\100\004\113\000\040\004\101\004\077\004\065\004\106\004\070\004\060\004\073\004\114\004\075\004\113\004\105\000\040\004\104\004\103\004\075\004\072\004\106\004\070\004\071}{chapter.6}% 86
\BOOKMARK [2][-]{section*.72}{\376\377\004\047\004\060\004\101\004\102\004\070\004\107\004\075\004\076\000\040\004\076\004\077\004\100\004\065\004\064\004\065\004\073\004\121\004\075\004\075\004\113\004\065\000\040\004\104\004\103\004\075\004\072\004\106\004\070\004\070}{section.6.2}% 87
\BOOKMARK [2][-]{section*.75}{\376\377\004\034\004\075\004\076\004\063\004\076\004\067\004\075\004\060\004\107\004\075\004\113\004\065\000\040\004\104\004\103\004\075\004\072\004\106\004\070\004\070}{section.6.2}% 88
\BOOKMARK [1][-]{section.6.3}{\376\377\004\037\004\100\004\070\004\074\004\065\004\075\004\065\004\075\004\070\004\065\000\040\004\104\004\103\004\075\004\072\004\106\004\070\004\071}{chapter.6}% 89
\BOOKMARK [2][-]{section*.77}{\376\377\004\037\004\100\004\070\004\074\004\065\004\075\004\065\004\075\004\070\004\065\000\040\004\104\004\103\004\075\004\072\004\106\004\070\004\071\000\040\004\074\004\075\004\076\004\063\004\070\004\105\000\040\004\077\004\065\004\100\004\065\004\074\004\065\004\075\004\075\004\113\004\105}{section.6.3}% 90
\BOOKMARK [2][-]{section*.78}{\376\377\004\035\004\065\004\101\004\072\004\076\004\073\004\114\004\072\004\076\000\040\004\077\004\076\004\073\004\065\004\067\004\075\004\113\004\105\000\040\004\104\004\103\004\075\004\072\004\106\004\070\004\071}{section.6.3}% 91
\BOOKMARK [1][-]{section.6.4}{\376\377\004\044\004\103\004\075\004\072\004\102\004\076\004\100\004\113\000\040\004\070\000\040\004\074\004\076\004\075\004\060\004\064\004\113}{chapter.6}% 92
\BOOKMARK [2][-]{section*.79}{\376\377\004\044\004\103\004\075\004\072\004\102\004\076\004\100\004\113}{section.6.4}% 93
\BOOKMARK [2][-]{section*.80}{\376\377\004\020\004\077\004\077\004\073\004\070\004\072\004\060\004\102\004\070\004\062\004\075\004\113\004\065\000\040\004\104\004\103\004\075\004\072\004\102\004\076\004\100\004\113}{section.6.4}% 94
\BOOKMARK [2][-]{section*.81}{\376\377\004\034\004\076\004\075\004\060\004\064\004\113}{section.6.4}% 95
\BOOKMARK [2][-]{section*.82}{\376\377\004\041\004\062\004\076\004\071\004\101\004\102\004\062\004\060\000\040\004\072\004\073\004\060\004\101\004\101\004\076\004\062}{section.6.4}% 96
\BOOKMARK [2][-]{section*.85}{\376\377\004\037\004\076\004\073\004\075\004\076\004\065\000\040\004\076\004\077\004\100\004\065\004\064\004\065\004\073\004\065\004\075\004\070\004\065\000\040\004\072\004\073\004\060\004\101\004\101\004\076\004\062}{section.6.4}% 97
\BOOKMARK [2][-]{section*.86}{\376\377\004\030\004\101\004\102\004\076\004\100\004\070\004\107\004\065\004\101\004\072\004\070\004\065\000\040\004\067\004\060\004\074\004\065\004\107\004\060\004\075\004\070\004\117}{section.6.4}% 98
\BOOKMARK [1][-]{section.6.5}{\376\377\004\032\004\100\004\060\004\102\004\072\004\076\004\065\000\040\004\101\004\076\004\064\004\065\004\100\004\066\004\060\004\075\004\070\004\065}{chapter.6}% 99
\BOOKMARK [1][-]{section.6.6}{\376\377\004\043\004\077\004\100\004\060\004\066\004\075\004\065\004\075\004\070\004\117}{chapter.6}% 100
\BOOKMARK [0][-]{chapter.7}{\376\377\004\044\004\103\004\075\004\072\004\102\004\076\004\100\004\113\000\040\004\070\000\040\004\074\004\076\004\075\004\060\004\064\004\113\000:\000\040\004\077\004\100\004\070\004\074\004\065\004\100\004\113}{}% 101
\BOOKMARK [1][-]{section.7.1}{\376\377\004\041\004\073\004\103\004\107\004\060\004\071\004\075\004\113\004\065\000\040\004\107\004\070\004\101\004\073\004\060}{chapter.7}% 102
\BOOKMARK [1][-]{section.7.2}{\376\377\004\032\004\076\004\075\004\065\004\107\004\075\004\113\004\065\000\040\004\060\004\062\004\102\004\076\004\074\004\060\004\102\004\113}{chapter.7}% 103
\BOOKMARK [1][-]{section.7.3}{\376\377\004\036\004\102\004\073\004\076\004\066\004\065\004\075\004\075\004\076\004\065\000\040\004\062\004\113\004\107\004\070\004\101\004\073\004\065\004\075\004\070\004\065\000\040\004\062\004\113\004\100\004\060\004\066\004\065\004\075\004\070\004\071}{chapter.7}% 104
\BOOKMARK [2][-]{section*.98}{\376\377\004\042\004\070\004\077\000\040\000M\000a\000p}{section.7.3}% 105
\BOOKMARK [1][-]{section.7.4}{\376\377\004\035\004\060\004\072\004\076\004\077\004\073\004\065\004\075\004\070\004\065\000\040\004\100\004\065\004\067\004\103\004\073\004\114\004\102\004\060\004\102\004\060}{chapter.7}% 106
\BOOKMARK [2][-]{section*.99}{\376\377\004\042\004\070\004\077\000-\004\076\004\061\004\121\004\100\004\102\004\072\004\060\000\040\000n\000e\000w\000t\000y\000p\000e}{section.7.4}% 107
\BOOKMARK [2][-]{section*.100}{\376\377\004\027\004\060\004\077\004\070\004\101\004\070}{section.7.4}% 108
\BOOKMARK [2][-]{section*.101}{\376\377\004\035\004\060\004\072\004\076\004\077\004\073\004\065\004\075\004\070\004\065\000\040\004\107\004\070\004\101\004\065\004\073}{section.7.4}% 109
\BOOKMARK [2][-]{section*.102}{\376\377\004\035\004\060\004\072\004\076\004\077\004\073\004\065\004\075\004\070\004\065\000\040\004\073\004\076\004\063\004\070\004\107\004\065\004\101\004\072\004\070\004\105\000\040\004\067\004\075\004\060\004\107\004\065\004\075\004\070\004\071}{section.7.4}% 110
\BOOKMARK [2][-]{section*.103}{\376\377\004\035\004\060\004\072\004\076\004\077\004\073\004\065\004\075\004\070\004\065\000\040\004\101\004\077\004\070\004\101\004\072\004\076\004\062}{section.7.4}% 111
\BOOKMARK [1][-]{section.7.5}{\376\377\004\034\004\076\004\075\004\060\004\064\004\060\000\040\004\070\004\067\004\074\004\065\004\075\004\117\004\065\004\074\004\113\004\105\000\040\004\067\004\075\004\060\004\107\004\065\004\075\004\070\004\071\000\040\000S\000T}{chapter.7}% 112
\BOOKMARK [2][-]{section*.104}{\376\377\004\042\004\070\004\077\000\040\000S\000T}{section.7.5}% 113
\BOOKMARK [2][-]{section*.105}{\376\377\004\030\004\074\004\077\004\065\004\100\004\060\004\102\004\070\004\062\004\075\004\113\004\065\000\040\004\106\004\070\004\072\004\073\004\113}{section.7.5}% 114
\BOOKMARK [2][-]{section*.106}{\376\377\004\021\004\113\004\101\004\102\004\100\004\060\004\117\000\040\004\101\004\076\004\100\004\102\004\070\004\100\004\076\004\062\004\072\004\060}{section.7.5}% 115
\BOOKMARK [1][-]{section.7.6}{\376\377\004\032\004\100\004\060\004\102\004\072\004\076\004\065\000\040\004\101\004\076\004\064\004\065\004\100\004\066\004\060\004\075\004\070\004\065}{chapter.7}% 116
\BOOKMARK [1][-]{section.7.7}{\376\377\004\043\004\077\004\100\004\060\004\066\004\075\004\065\004\075\004\070\004\117}{chapter.7}% 117
\BOOKMARK [0][-]{chapter.8}{\376\377\000I\000O}{}% 118
\BOOKMARK [1][-]{section.8.1}{\376\377\004\047\004\070\004\101\004\102\004\076\004\102\004\060\000\040\004\070\000\040\004\077\004\076\004\061\004\076\004\107\004\075\004\113\004\065\000\040\004\115\004\104\004\104\004\065\004\072\004\102\004\113}{chapter.8}% 119
\BOOKMARK [1][-]{section.8.2}{\376\377\004\034\004\076\004\075\004\060\004\064\004\060\000\040\000I\000O}{chapter.8}% 120
\BOOKMARK [1][-]{section.8.3}{\376\377\004\032\004\060\004\072\000\040\004\077\004\070\004\110\004\103\004\102\004\101\004\117\000\040\004\077\004\100\004\076\004\063\004\100\004\060\004\074\004\074\004\113}{chapter.8}% 121
\BOOKMARK [1][-]{section.8.4}{\376\377\004\042\004\070\004\077\004\070\004\107\004\075\004\113\004\065\000\040\004\067\004\060\004\064\004\060\004\107\004\070\000\040\000I\000O}{chapter.8}% 122
\BOOKMARK [2][-]{section*.107}{\376\377\004\022\004\113\004\062\004\076\004\064\000\040\004\075\004\060\000\040\004\115\004\072\004\100\004\060\004\075}{section.8.4}% 123
\BOOKMARK [2][-]{section*.108}{\376\377\004\022\004\062\004\076\004\064\000\040\004\077\004\076\004\073\004\114\004\067\004\076\004\062\004\060\004\102\004\065\004\073\004\117}{section.8.4}% 124
\BOOKMARK [2][-]{section*.109}{\376\377\004\047\004\102\004\065\004\075\004\070\004\065\000\040\004\070\000\040\004\067\004\060\004\077\004\070\004\101\004\114\000\040\004\104\004\060\004\071\004\073\004\076\004\062}{section.8.4}% 125
\BOOKMARK [2][-]{section*.110}{\376\377\004\033\004\065\004\075\004\070\004\062\004\076\004\065\000\040\004\070\000\040\004\115\004\075\004\065\004\100\004\063\004\070\004\107\004\075\004\076\004\065\000\040\004\107\004\102\004\065\004\075\004\070\004\065\000\040\004\104\004\060\004\071\004\073\004\076\004\062}{section.8.4}% 126
\BOOKMARK [2][-]{section*.111}{\376\377\004\020\004\100\004\063\004\103\004\074\004\065\004\075\004\102\004\113\000\040\004\077\004\100\004\076\004\063\004\100\004\060\004\074\004\074\004\113}{section.8.4}% 127
\BOOKMARK [2][-]{section*.112}{\376\377\004\022\004\113\004\067\004\076\004\062\000\040\004\064\004\100\004\103\004\063\004\070\004\105\000\040\004\077\004\100\004\076\004\063\004\100\004\060\004\074\004\074}{section.8.4}% 128
\BOOKMARK [2][-]{section*.113}{\376\377\004\041\004\073\004\103\004\107\004\060\004\071\004\075\004\113\004\065\000\040\004\067\004\075\004\060\004\107\004\065\004\075\004\070\004\117}{section.8.4}% 129
\BOOKMARK [2][-]{section*.115}{\376\377\004\030\004\101\004\072\004\073\004\116\004\107\004\065\004\075\004\070\004\117}{section.8.4}% 130
\BOOKMARK [2][-]{section*.116}{\376\377\004\037\004\076\004\102\004\076\004\072\004\070\000\040\004\102\004\065\004\072\004\101\004\102\004\076\004\062\004\113\004\105\000\040\004\064\004\060\004\075\004\075\004\113\004\105}{section.8.4}% 131
\BOOKMARK [1][-]{section.8.5}{\376\377\004\044\004\076\004\100\004\102\004\076\004\107\004\072\004\060\000\040\004\062\000\040\004\074\004\070\004\100\000\040\004\077\004\076\004\061\004\076\004\107\004\075\004\113\004\105\000\040\004\115\004\104\004\104\004\065\004\072\004\102\004\076\004\062}{chapter.8}% 132
\BOOKMARK [2][-]{section*.117}{\376\377\004\036\004\102\004\073\004\060\004\064\004\072\004\060\000\040\004\077\004\100\004\076\004\063\004\100\004\060\004\074\004\074}{section.8.5}% 133
\BOOKMARK [1][-]{section.8.6}{\376\377\004\032\004\076\004\074\004\077\004\076\004\067\004\070\004\106\004\070\004\117\000\040\004\074\004\076\004\075\004\060\004\064}{chapter.8}% 134
\BOOKMARK [1][-]{section.8.7}{\376\377\004\032\004\100\004\060\004\102\004\072\004\076\004\065\000\040\004\101\004\076\004\064\004\065\004\100\004\066\004\060\004\075\004\070\004\065}{chapter.8}% 135
\BOOKMARK [1][-]{section.8.8}{\376\377\004\043\004\077\004\100\004\060\004\066\004\075\004\065\004\075\004\070\004\117}{chapter.8}% 136
\BOOKMARK [0][-]{chapter.9}{\376\377\004\040\004\065\004\064\004\103\004\072\004\106\004\070\004\117\000\040\004\062\004\113\004\100\004\060\004\066\004\065\004\075\004\070\004\071}{}% 137
\BOOKMARK [1][-]{section.9.1}{\376\377\004\041\004\102\004\100\004\060\004\102\004\065\004\063\004\070\004\070\000\040\004\062\004\113\004\107\004\070\004\101\004\073\004\065\004\075\004\070\004\071}{chapter.9}% 138
\BOOKMARK [2][-]{section*.118}{\376\377\004\037\004\100\004\065\004\070\004\074\004\103\004\111\004\065\004\101\004\102\004\062\004\060\000\040\004\070\000\040\004\075\004\065\004\064\004\076\004\101\004\102\004\060\004\102\004\072\004\070\000\040\004\101\004\102\004\100\004\060\004\102\004\065\004\063\004\070\004\071}{section.9.1}% 139
\BOOKMARK [1][-]{section.9.2}{\376\377\004\022\004\113\004\107\004\070\004\101\004\073\004\065\004\075\004\070\004\065\000\040\004\077\004\076\000\040\004\075\004\065\004\076\004\061\004\105\004\076\004\064\004\070\004\074\004\076\004\101\004\102\004\070}{chapter.9}% 140
\BOOKMARK [1][-]{section.9.3}{\376\377\004\020\004\075\004\075\004\076\004\102\004\060\004\106\004\070\004\070\000\040\004\101\004\102\004\100\004\076\004\063\004\076\004\101\004\102\004\070}{chapter.9}% 141
\BOOKMARK [2][-]{section*.119}{\376\377\004\037\004\100\004\070\004\075\004\103\004\066\004\064\004\065\004\075\004\070\004\065\000\040\004\072\000\040\004\041\004\027\004\035\004\044\000\040\004\101\000\040\004\077\004\076\004\074\004\076\004\111\004\114\004\116\000\040\000s\000e\000q}{section.9.3}% 142
\BOOKMARK [2][-]{section*.120}{\376\377\004\044\004\103\004\075\004\072\004\106\004\070\004\070\000\040\004\101\000\040\004\105\004\062\004\076\004\101\004\102\004\076\004\062\004\076\004\071\000\040\004\100\004\065\004\072\004\103\004\100\004\101\004\070\004\065\004\071}{section.9.3}% 143
\BOOKMARK [2][-]{section*.121}{\376\377\004\042\004\076\004\075\004\072\004\076\004\101\004\102\004\070\000\040\004\077\004\100\004\070\004\074\004\065\004\075\004\065\004\075\004\070\004\117\000\040\000s\000e\000q}{section.9.3}% 144
\BOOKMARK [2][-]{section*.122}{\376\377\004\055\004\075\004\065\004\100\004\063\004\070\004\107\004\075\004\113\004\065\000\040\004\076\004\061\004\100\004\060\004\067\004\106\004\113}{section.9.3}% 145
\BOOKMARK [2][-]{section*.123}{\376\377\004\055\004\075\004\065\004\100\004\063\004\070\004\107\004\075\004\113\004\065\000\040\004\102\004\070\004\077\004\113\000\040\004\064\004\060\004\075\004\075\004\113\004\105}{section.9.3}% 146
\BOOKMARK [1][-]{section.9.4}{\376\377\004\037\004\100\004\070\004\074\004\065\004\100\000\040\004\073\004\065\004\075\004\070\004\062\004\113\004\105\000\040\004\062\004\113\004\107\004\070\004\101\004\073\004\065\004\075\004\070\004\071}{chapter.9}% 147
\BOOKMARK [1][-]{section.9.5}{\376\377\004\032\004\100\004\060\004\102\004\072\004\076\004\065\000\040\004\101\004\076\004\064\004\065\004\100\004\066\004\060\004\075\004\070\004\065}{chapter.9}% 148
\BOOKMARK [1][-]{section.9.6}{\376\377\004\043\004\077\004\100\004\060\004\066\004\075\004\065\004\075\004\070\004\117}{chapter.9}% 149
\BOOKMARK [0][-]{chapter.10}{\376\377\004\040\004\065\004\060\004\073\004\070\004\067\004\060\004\106\004\070\004\117\000\040\000H\000a\000s\000k\000e\000l\000l\000\040\004\062\000\040\000G\000H\000C}{}% 150
\BOOKMARK [1][-]{section.10.1}{\376\377\004\055\004\102\004\060\004\077\004\113\000\040\004\072\004\076\004\074\004\077\004\070\004\073\004\117\004\106\004\070\004\070}{chapter.10}% 151
\BOOKMARK [1][-]{section.10.2}{\376\377\004\057\004\067\004\113\004\072\000\040\000S\000T\000G}{chapter.10}% 152
\BOOKMARK [1][-]{section.10.3}{\376\377\004\022\004\113\004\107\004\070\004\101\004\073\004\065\004\075\004\070\004\065\000\040\000S\000T\000G}{chapter.10}% 153
\BOOKMARK [2][-]{section*.124}{\376\377\004\032\004\103\004\107\004\060}{section.10.3}% 154
\BOOKMARK [2][-]{section*.125}{\376\377\004\041\004\102\004\065\004\072}{section.10.3}% 155
\BOOKMARK [2][-]{section*.126}{\376\377\004\037\004\100\004\060\004\062\004\070\004\073\004\060\000\040\004\076\004\061\004\111\004\070\004\065\000\040\004\064\004\073\004\117\000\040\004\076\004\061\004\065\004\070\004\105\000\040\004\101\004\102\004\100\004\060\004\102\004\065\004\063\004\070\004\071\000\040\004\062\004\113\004\107\004\070\004\101\004\073\004\065\004\075\004\070\004\117}{section.10.3}% 156
\BOOKMARK [2][-]{section*.127}{\376\377\004\037\004\100\004\060\004\062\004\070\004\073\004\060\000\040\004\064\004\073\004\117\000\040\004\101\004\102\004\100\004\060\004\102\004\065\004\063\004\070\004\070\000\040\004\062\004\101\004\102\004\060\004\062\004\072\004\060\000-\004\062\004\105\004\076\004\064}{section.10.3}% 157
\BOOKMARK [2][-]{section*.128}{\376\377\004\037\004\100\004\060\004\062\004\070\004\073\004\060\000\040\004\064\004\073\004\117\000\040\004\101\004\102\004\100\004\060\004\102\004\065\004\063\004\070\004\070\000\040\004\062\004\113\004\107\004\070\004\101\004\073\004\065\004\075\004\070\004\065\000-\004\077\004\100\004\070\004\074\004\065\004\075\004\065\004\075\004\070\004\065}{section.10.3}% 158
\BOOKMARK [1][-]{section.10.4}{\376\377\004\037\004\100\004\065\004\064\004\101\004\102\004\060\004\062\004\073\004\065\004\075\004\070\004\065\000\040\004\067\004\075\004\060\004\107\004\065\004\075\004\070\004\071\000\040\004\062\000\040\004\077\004\060\004\074\004\117\004\102\004\070\000.\000\040\004\036\004\106\004\065\004\075\004\072\004\060\000\040\004\067\004\060\004\075\004\070\004\074\004\060\004\065\004\074\004\076\004\071\000\040\004\077\004\060\004\074\004\117\004\102\004\070}{chapter.10}% 159
\BOOKMARK [1][-]{section.10.5}{\376\377\004\043\004\077\004\100\004\060\004\062\004\073\004\065\004\075\004\070\004\065\000\040\004\077\004\060\004\074\004\117\004\102\004\114\004\116\000.\000\040\004\041\004\061\004\076\004\100\004\111\004\070\004\072\000\040\004\074\004\103\004\101\004\076\004\100\004\060}{chapter.10}% 160
\BOOKMARK [1][-]{section.10.6}{\376\377\004\041\004\102\004\060\004\102\004\070\004\101\004\102\004\070\004\072\004\060\000\040\004\062\004\113\004\077\004\076\004\073\004\075\004\065\004\075\004\070\004\117\000\040\004\077\004\100\004\076\004\063\004\100\004\060\004\074\004\074\004\113}{chapter.10}% 161
\BOOKMARK [2][-]{section*.129}{\376\377\004\041\004\102\004\060\004\102\004\070\004\101\004\102\004\070\004\072\004\060\000\040\004\062\004\113\004\107\004\070\004\101\004\073\004\070\004\102\004\065\004\073\004\117}{section.10.6}% 162
\BOOKMARK [2][-]{section*.130}{\376\377\004\037\004\100\004\076\004\104\004\070\004\073\004\070\004\100\004\076\004\062\004\060\004\075\004\070\004\065\000\040\004\104\004\103\004\075\004\072\004\106\004\070\004\071}{section.10.6}% 163
\BOOKMARK [2][-]{section*.133}{\376\377\004\037\004\076\004\070\004\101\004\072\000\040\004\070\004\101\004\102\004\076\004\107\004\075\004\070\004\072\004\076\004\062\000\040\004\062\004\075\004\065\004\067\004\060\004\077\004\075\004\076\004\071\000\040\004\076\004\101\004\102\004\060\004\075\004\076\004\062\004\072\004\070}{section.10.6}% 164
\BOOKMARK [1][-]{section.10.7}{\376\377\004\036\004\077\004\102\004\070\004\074\004\070\004\067\004\060\004\106\004\070\004\117\000\040\004\077\004\100\004\076\004\063\004\100\004\060\004\074\004\074}{chapter.10}% 165
\BOOKMARK [2][-]{section*.134}{\376\377\004\044\004\073\004\060\004\063\004\070\000\040\004\076\004\077\004\102\004\070\004\074\004\070\004\067\004\060\004\106\004\070\004\070}{section.10.7}% 166
\BOOKMARK [2][-]{section*.135}{\376\377\004\037\004\100\004\060\004\063\004\074\004\060\000\040\000I\000N\000L\000I\000N\000E}{section.10.7}% 167
\BOOKMARK [2][-]{section*.136}{\376\377\004\037\004\100\004\060\004\063\004\074\004\060\000\040\000R\000U\000L\000E\000S}{section.10.7}% 168
\BOOKMARK [2][-]{section*.138}{\376\377\004\037\004\100\004\060\004\063\004\074\004\060\000\040\000U\000N\000P\000A\000C\000K}{section.10.7}% 169
\BOOKMARK [1][-]{section.10.8}{\376\377\004\032\004\100\004\060\004\102\004\072\004\076\004\065\000\040\004\101\004\076\004\064\004\065\004\100\004\066\004\060\004\075\004\070\004\065}{chapter.10}% 170
\BOOKMARK [1][-]{section.10.9}{\376\377\004\043\004\077\004\100\004\060\004\066\004\075\004\065\004\075\004\070\004\117}{chapter.10}% 171
\BOOKMARK [0][-]{chapter.11}{\376\377\004\033\004\065\004\075\004\070\004\062\004\113\004\065\000\040\004\107\004\103\004\064\004\065\004\101\004\060}{}% 172
\BOOKMARK [1][-]{section.11.1}{\376\377\004\047\004\070\004\101\004\073\004\065\004\075\004\075\004\113\004\065\000\040\004\074\004\065\004\102\004\076\004\064\004\113}{chapter.11}% 173
\BOOKMARK [2][-]{section*.139}{\376\377\004\024\004\070\004\104\004\104\004\065\004\100\004\065\004\075\004\106\004\070\004\100\004\076\004\062\004\060\004\075\004\070\004\065}{section.11.1}% 174
\BOOKMARK [2][-]{section*.140}{\376\377\004\030\004\075\004\102\004\065\004\063\004\100\004\070\004\100\004\076\004\062\004\060\004\075\004\070\004\065}{section.11.1}% 175
\BOOKMARK [1][-]{section.11.2}{\376\377\004\041\004\102\004\065\004\077\004\065\004\075\004\075\004\113\004\065\000\040\004\100\004\117\004\064\004\113}{chapter.11}% 176
\BOOKMARK [2][-]{section*.141}{\376\377\004\020\004\100\004\070\004\104\004\074\004\065\004\102\004\070\004\072\004\060\000\040\004\100\004\117\004\064\004\076\004\062}{section.11.2}% 177
\BOOKMARK [2][-]{section*.146}{\376\377\004\037\004\100\004\076\004\070\004\067\004\062\004\076\004\064\004\075\004\060\004\117\000\040\004\070\000\040\004\070\004\075\004\102\004\065\004\063\004\100\004\060\004\073}{section.11.2}% 178
\BOOKMARK [2][-]{section*.147}{\376\377\004\055\004\073\004\065\004\074\004\065\004\075\004\102\004\060\004\100\004\075\004\113\004\065\000\040\004\104\004\103\004\075\004\072\004\106\004\070\004\070}{section.11.2}% 179
\BOOKMARK [1][-]{section.11.3}{\376\377\004\022\004\076\004\064\004\076\004\101\004\061\004\076\004\100\004\113}{chapter.11}% 180
\BOOKMARK [1][-]{section.11.4}{\376\377\004\033\004\065\004\075\004\070\004\062\004\065\004\065\000\040\004\075\004\065\004\072\004\103\004\064\004\060}{chapter.11}% 181
\BOOKMARK [1][-]{section.11.5}{\376\377\004\032\004\100\004\060\004\102\004\072\004\076\004\065\000\040\004\101\004\076\004\064\004\065\004\100\004\066\004\060\004\075\004\070\004\065}{chapter.11}% 182
\BOOKMARK [1][-]{section.11.6}{\376\377\004\043\004\077\004\100\004\060\004\066\004\075\004\065\004\075\004\070\004\117}{chapter.11}% 183
\BOOKMARK [0][-]{chapter.12}{\376\377\004\041\004\102\004\100\004\103\004\072\004\102\004\103\004\100\004\075\004\060\004\117\000\040\004\100\004\065\004\072\004\103\004\100\004\101\004\070\004\117}{}% 184
\BOOKMARK [1][-]{section.12.1}{\376\377\004\041\004\062\004\121\004\100\004\102\004\072\004\060}{chapter.12}% 185
\BOOKMARK [2][-]{section*.148}{\376\377\004\033\004\076\004\063\004\070\004\107\004\065\004\101\004\072\004\070\004\065\000\040\004\067\004\075\004\060\004\107\004\065\004\075\004\070\004\117}{section.12.1}% 186
\BOOKMARK [2][-]{section*.149}{\376\377\004\035\004\060\004\102\004\103\004\100\004\060\004\073\004\114\004\075\004\113\004\065\000\040\004\107\004\070\004\101\004\073\004\060}{section.12.1}% 187
\BOOKMARK [2][-]{section*.150}{\376\377\000M\000a\000y\000b\000e}{section.12.1}% 188
\BOOKMARK [2][-]{section*.151}{\376\377\004\041\004\077\004\070\004\101\004\072\004\070}{section.12.1}% 189
\BOOKMARK [2][-]{section*.153}{\376\377\004\024\004\065\004\100\004\065\004\062\004\114\004\117}{section.12.1}% 190
\BOOKMARK [1][-]{section.12.2}{\376\377\004\040\004\060\004\067\004\062\004\121\004\100\004\102\004\072\004\060}{chapter.12}% 191
\BOOKMARK [2][-]{section*.154}{\376\377\004\041\004\077\004\070\004\101\004\072\004\070}{section.12.2}% 192
\BOOKMARK [2][-]{section*.155}{\376\377\004\037\004\076\004\102\004\076\004\072\004\070}{section.12.2}% 193
\BOOKMARK [2][-]{section*.156}{\376\377\004\035\004\060\004\102\004\103\004\100\004\060\004\073\004\114\004\075\004\113\004\065\000\040\004\107\004\070\004\101\004\073\004\060}{section.12.2}% 194
\BOOKMARK [1][-]{section.12.3}{\376\377\004\032\004\100\004\060\004\102\004\072\004\076\004\065\000\040\004\101\004\076\004\064\004\065\004\100\004\066\004\060\004\075\004\070\004\065}{chapter.12}% 195
\BOOKMARK [1][-]{section.12.4}{\376\377\004\043\004\077\004\100\004\060\004\066\004\075\004\065\004\075\004\070\004\117}{chapter.12}% 196
\BOOKMARK [0][-]{chapter.13}{\376\377\004\037\004\076\004\070\004\063\004\100\004\060\004\065\004\074}{}% 197
\BOOKMARK [1][-]{section.13.1}{\376\377\004\041\004\102\004\100\004\060\004\102\004\065\004\063\004\070\004\117\000\040\004\075\004\060\004\077\004\070\004\101\004\060\004\075\004\070\004\117\000\040\004\077\004\100\004\076\004\063\004\100\004\060\004\074\004\074}{chapter.13}% 198
\BOOKMARK [2][-]{section*.157}{\376\377\004\036\004\077\004\070\004\101\004\060\004\075\004\070\004\065\000\040\004\067\004\060\004\064\004\060\004\107\004\070}{section.13.1}% 199
\BOOKMARK [2][-]{section*.158}{\376\377\004\035\004\060\004\061\004\100\004\076\004\101\004\076\004\072\000\040\004\100\004\065\004\110\004\065\004\075\004\070\004\117}{section.13.1}% 200
\BOOKMARK [2][-]{section*.159}{\376\377\004\032\004\060\004\100\004\072\004\060\004\101\000.\000\040\004\042\004\070\004\077\004\113\000\040\004\070\000\040\004\072\004\073\004\060\004\101\004\101\004\113}{section.13.1}% 201
\BOOKMARK [2][-]{section*.160}{\376\377\004\033\004\065\004\075\004\070\004\062\004\076\004\065\000\040\004\077\004\100\004\076\004\063\004\100\004\060\004\074\004\074\004\070\004\100\004\076\004\062\004\060\004\075\004\070\004\065}{section.13.1}% 202
\BOOKMARK [1][-]{section.13.2}{\376\377\004\037\004\117\004\102\004\075\004\060\004\110\004\072\004\070}{chapter.13}% 203
\BOOKMARK [2][-]{section*.161}{\376\377\004\046\004\070\004\072\004\073\000\040\004\070\004\063\004\100\004\113}{section.13.2}% 204
\BOOKMARK [2][-]{section*.165}{\376\377\004\037\004\100\004\070\004\062\004\065\004\064\004\121\004\074\000\040\004\072\004\076\004\064\000\040\004\062\000\040\004\077\004\076\004\100\004\117\004\064\004\076\004\072}{section.13.2}% 205
\BOOKMARK [2][-]{section*.169}{\376\377\004\044\004\076\004\100\004\074\004\060\004\102\000\040\004\067\004\060\004\077\004\100\004\076\004\101\004\076\004\062}{section.13.2}% 206
\BOOKMARK [2][-]{section*.170}{\376\377\004\037\004\076\004\101\004\073\004\065\004\064\004\075\004\070\004\065\000\040\004\110\004\102\004\100\004\070\004\105\004\070}{section.13.2}% 207
\BOOKMARK [2][-]{section*.171}{\376\377\004\037\004\100\004\060\004\062\004\070\004\073\004\060\000\040\004\070\004\063\004\100\004\113}{section.13.2}% 208
\BOOKMARK [1][-]{section.13.3}{\376\377\004\043\004\077\004\100\004\060\004\066\004\075\004\065\004\075\004\070\004\117}{chapter.13}% 209
\BOOKMARK [0][-]{chapter.14}{\376\377\004\033\004\117\004\074\004\061\004\064\004\060\000-\004\070\004\101\004\107\004\070\004\101\004\073\004\065\004\075\004\070\004\065}{}% 210
\BOOKMARK [1][-]{section.14.1}{\376\377\004\033\004\117\004\074\004\061\004\064\004\060\000\040\004\070\004\101\004\107\004\070\004\101\004\073\004\065\004\075\004\070\004\065\000\040\004\061\004\065\004\067\000\040\004\102\004\070\004\077\004\076\004\062}{chapter.14}% 211
\BOOKMARK [2][-]{section*.176}{\376\377\004\041\004\076\004\101\004\102\004\060\004\062\004\073\004\065\004\075\004\070\004\065\000\040\004\102\004\065\004\100\004\074\004\076\004\062}{section.14.1}% 212
\BOOKMARK [2][-]{section*.177}{\376\377\004\020\004\061\004\101\004\102\004\100\004\060\004\072\004\106\004\070\004\117}{section.14.1}% 213
\BOOKMARK [2][-]{section*.178}{\376\377\004\040\004\065\004\064\004\103\004\072\004\106\004\070\004\117\000.\000\040\004\022\004\113\004\107\004\070\004\101\004\073\004\065\004\075\004\070\004\065\000\040\004\102\004\065\004\100\004\074\004\076\004\062}{section.14.1}% 214
\BOOKMARK [2][-]{section*.182}{\376\377\004\040\004\065\004\072\004\103\004\100\004\101\004\070\004\117\000.\000\040\004\032\004\076\004\074\004\061\004\070\004\075\004\060\004\102\004\076\004\100\000\040\004\075\004\065\004\077\004\076\004\064\004\062\004\070\004\066\004\075\004\076\004\071\000\040\004\102\004\076\004\107\004\072\004\070}{section.14.1}% 215
\BOOKMARK [2][-]{section*.183}{\376\377\004\032\004\076\004\064\004\070\004\100\004\076\004\062\004\060\004\075\004\070\004\065\000\040\004\101\004\102\004\100\004\103\004\072\004\102\004\103\004\100\000\040\004\064\004\060\004\075\004\075\004\113\004\105}{section.14.1}% 216
\BOOKMARK [2][-]{section*.186}{\376\377\004\032\004\076\004\075\004\101\004\102\004\100\004\103\004\072\004\102\004\070\004\062\004\075\004\060\004\117\000\040\004\074\004\060\004\102\004\065\004\074\004\060\004\102\004\070\004\072\004\060}{section.14.1}% 217
\BOOKMARK [2][-]{section*.187}{\376\377\004\040\004\060\004\101\004\110\004\070\004\100\004\065\004\075\004\070\004\065\000\040\004\073\004\117\004\074\004\061\004\064\004\060\000\040\004\070\004\101\004\107\004\070\004\101\004\073\004\065\004\075\004\070\004\117}{section.14.1}% 218
\BOOKMARK [1][-]{section.14.2}{\376\377\004\032\004\076\004\074\004\061\004\070\004\075\004\060\004\102\004\076\004\100\004\075\004\060\004\117\000\040\004\073\004\076\004\063\004\070\004\072\004\060}{chapter.14}% 219
\BOOKMARK [2][-]{section*.188}{\376\377\004\041\004\062\004\117\004\067\004\114\000\040\004\101\000\040\004\073\004\117\004\074\004\061\004\064\004\060\000-\004\070\004\101\004\107\004\070\004\101\004\073\004\065\004\075\004\070\004\065\004\074}{section.14.2}% 220
\BOOKMARK [2][-]{section*.189}{\376\377\004\035\004\065\004\074\004\075\004\076\004\063\004\076\000\040\004\070\004\101\004\102\004\076\004\100\004\070\004\070}{section.14.2}% 221
\BOOKMARK [1][-]{section.14.3}{\376\377\004\033\004\117\004\074\004\061\004\064\004\060\000-\004\070\004\101\004\107\004\070\004\101\004\073\004\065\004\075\004\070\004\065\000\040\004\101\000\040\004\102\004\070\004\077\004\060\004\074\004\070}{chapter.14}% 222
\BOOKMARK [1][-]{section.14.4}{\376\377\004\032\004\100\004\060\004\102\004\072\004\076\004\065\000\040\004\101\004\076\004\064\004\065\004\100\004\066\004\060\004\075\004\070\004\065}{chapter.14}% 223
\BOOKMARK [1][-]{section.14.5}{\376\377\004\043\004\077\004\100\004\060\004\066\004\075\004\065\004\075\004\070\004\117}{chapter.14}% 224
\BOOKMARK [0][-]{chapter.15}{\376\377\004\042\004\065\004\076\004\100\004\070\004\117\000\040\004\072\004\060\004\102\004\065\004\063\004\076\004\100\004\070\004\071}{}% 225
\BOOKMARK [1][-]{section.15.1}{\376\377\004\032\004\060\004\102\004\065\004\063\004\076\004\100\004\070\004\117}{chapter.15}% 226
\BOOKMARK [1][-]{section.15.2}{\376\377\004\044\004\103\004\075\004\072\004\102\004\076\004\100}{chapter.15}% 227
\BOOKMARK [1][-]{section.15.3}{\376\377\004\025\004\101\004\102\004\065\004\101\004\102\004\062\004\065\004\075\004\075\004\076\004\065\000\040\004\077\004\100\004\065\004\076\004\061\004\100\004\060\004\067\004\076\004\062\004\060\004\075\004\070\004\065}{chapter.15}% 228
\BOOKMARK [1][-]{section.15.4}{\376\377\004\034\004\076\004\075\004\060\004\064\004\113}{chapter.15}% 229
\BOOKMARK [2][-]{section*.190}{\376\377\004\032\004\060\004\102\004\065\004\063\004\076\004\100\004\070\004\117\000\040\004\032\004\073\004\065\004\071\004\101\004\073\004\070}{section.15.4}% 230
\BOOKMARK [1][-]{section.15.5}{\376\377\004\024\004\103\004\060\004\073\004\114\004\075\004\076\004\101\004\102\004\114}{chapter.15}% 231
\BOOKMARK [1][-]{section.15.6}{\376\377\004\035\004\060\004\107\004\060\004\073\004\114\004\075\004\113\004\071\000\040\004\070\000\040\004\072\004\076\004\075\004\065\004\107\004\075\004\113\004\071\000\040\004\076\004\061\004\112\004\065\004\072\004\102\004\113}{chapter.15}% 232
\BOOKMARK [2][-]{section*.191}{\376\377\004\035\004\060\004\107\004\060\004\073\004\114\004\075\004\113\004\071\000\040\004\076\004\061\004\112\004\065\004\072\004\102}{section.15.6}% 233
\BOOKMARK [2][-]{section*.192}{\376\377\004\032\004\076\004\075\004\065\004\107\004\075\004\113\004\071\000\040\004\076\004\061\004\112\004\065\004\072\004\102}{section.15.6}% 234
\BOOKMARK [1][-]{section.15.7}{\376\377\004\041\004\103\004\074\004\074\004\060\000\040\004\070\000\040\004\077\004\100\004\076\004\070\004\067\004\062\004\065\004\064\004\065\004\075\004\070\004\065}{chapter.15}% 235
\BOOKMARK [1][-]{section.15.8}{\376\377\004\055\004\072\004\101\004\077\004\076\004\075\004\065\004\075\004\102\004\060}{chapter.15}% 236
\BOOKMARK [1][-]{section.15.9}{\376\377\004\032\004\100\004\060\004\102\004\072\004\076\004\065\000\040\004\101\004\076\004\064\004\065\004\100\004\066\004\060\004\075\004\070\004\065}{chapter.15}% 237
\BOOKMARK [1][-]{section.15.10}{\376\377\004\043\004\077\004\100\004\060\004\066\004\075\004\065\004\075\004\070\004\117}{chapter.15}% 238
\BOOKMARK [0][-]{chapter.16}{\376\377\004\032\004\060\004\102\004\065\004\063\004\076\004\100\004\070\004\060\004\073\004\114\004\075\004\113\004\065\000\040\004\102\004\070\004\077\004\113}{}% 239
\BOOKMARK [1][-]{section.16.1}{\376\377\004\037\004\100\004\076\004\063\004\100\004\060\004\074\004\074\004\070\004\100\004\076\004\062\004\060\004\075\004\070\004\065\000\040\004\062\000\040\004\101\004\102\004\070\004\073\004\065\000\040\004\076\004\100\004\070\004\063\004\060\004\074\004\070}{chapter.16}% 240
\BOOKMARK [1][-]{section.16.2}{\376\377\004\030\004\075\004\064\004\103\004\072\004\102\004\070\004\062\004\075\004\113\004\065\000\040\004\070\000\040\004\072\004\076\004\070\004\075\004\064\004\103\004\072\004\102\004\070\004\062\004\075\004\113\004\065\000\040\004\102\004\070\004\077\004\113}{chapter.16}% 241
\BOOKMARK [2][-]{section*.193}{\376\377\004\041\004\103\004\111\004\065\004\101\004\102\004\062\004\076\004\062\004\060\004\075\004\070\004\065\000\040\004\075\004\060\004\107\004\060\004\073\004\114\004\075\004\113\004\105\000\040\004\070\000\040\004\072\004\076\004\075\004\065\004\107\004\075\004\113\004\105\000\040\004\076\004\061\004\112\004\065\004\072\004\102\004\076\004\062}{section.16.2}% 242
\BOOKMARK [1][-]{section.16.3}{\376\377\004\023\004\070\004\073\004\076\004\074\004\076\004\100\004\104\004\070\004\067\004\074}{chapter.16}% 243
\BOOKMARK [1][-]{section.16.4}{\376\377\004\032\004\100\004\060\004\102\004\072\004\076\004\065\000\040\004\101\004\076\004\064\004\065\004\100\004\066\004\060\004\075\004\070\004\065}{chapter.16}% 244
\BOOKMARK [1][-]{section.16.5}{\376\377\004\043\004\077\004\100\004\060\004\066\004\075\004\065\004\075\004\070\004\117}{chapter.16}% 245
\BOOKMARK [0][-]{chapter.17}{\376\377\004\024\004\076\004\077\004\076\004\073\004\075\004\070\004\102\004\065\004\073\004\114\004\075\004\113\004\065\000\040\004\062\004\076\004\067\004\074\004\076\004\066\004\075\004\076\004\101\004\102\004\070}{}% 246
\BOOKMARK [1][-]{section.17.1}{\376\377\004\037\004\103\004\064\000\040\004\101\004\060\004\105\004\060\004\100\004\060}{chapter.17}% 247
\BOOKMARK [2][-]{section*.196}{\376\377\004\041\004\060\004\105\004\060\004\100\000\040\004\064\004\073\004\117\000\040\004\101\004\077\004\070\004\101\004\072\004\076\004\062}{section.17.1}% 248
\BOOKMARK [2][-]{section*.199}{\376\377\004\041\004\060\004\105\004\060\004\100\000\040\004\064\004\073\004\117\000\040\004\074\004\076\004\075\004\060\004\064\000,\000\040\000d\000o\000-\004\075\004\076\004\102\004\060\004\106\004\070\004\117}{section.17.1}% 249
\BOOKMARK [1][-]{section.17.2}{\376\377\004\040\004\060\004\101\004\110\004\070\004\100\004\065\004\075\004\070\004\117}{chapter.17}% 250
\BOOKMARK [2][-]{section*.201}{\376\377\004\036\004\061\004\076\004\061\004\111\004\121\004\075\004\075\004\113\004\065\000\040\004\060\004\073\004\063\004\065\004\061\004\100\004\060\004\070\004\107\004\065\004\101\004\072\004\070\004\065\000\040\004\102\004\070\004\077\004\113\000\040\004\064\004\060\004\075\004\075\004\113\004\105}{section.17.2}% 251
\BOOKMARK [2][-]{section*.202}{\376\377\004\041\004\065\004\074\004\065\004\071\004\101\004\102\004\062\004\060\000\040\004\102\004\070\004\077\004\076\004\062}{section.17.2}% 252
\BOOKMARK [2][-]{section*.203}{\376\377\004\032\004\073\004\060\004\101\004\101\004\113\000\040\004\101\000\040\004\075\004\065\004\101\004\072\004\076\004\073\004\114\004\072\004\070\004\074\004\070\000\040\004\102\004\070\004\077\004\060\004\074\004\070}{section.17.2}% 253
\BOOKMARK [2][-]{section*.204}{\376\377\004\055\004\072\004\067\004\065\004\074\004\077\004\073\004\117\004\100\004\113\000\040\004\072\004\073\004\060\004\101\004\101\004\076\004\062\000\040\004\064\004\073\004\117\000\040\004\101\004\070\004\075\004\076\004\075\004\070\004\074\004\076\004\062}{section.17.2}% 254
\BOOKMARK [2][-]{section*.205}{\376\377\004\044\004\103\004\075\004\072\004\106\004\070\004\076\004\075\004\060\004\073\004\114\004\075\004\113\004\065\000\040\004\067\004\060\004\062\004\070\004\101\004\070\004\074\004\076\004\101\004\102\004\070}{section.17.2}% 255
\BOOKMARK [2][-]{section*.206}{\376\377\004\036\004\063\004\100\004\060\004\075\004\070\004\107\004\065\004\075\004\070\004\065\000\040\004\074\004\076\004\075\004\076\004\074\004\076\004\100\004\104\004\070\004\067\004\074\004\060}{section.17.2}% 256
\BOOKMARK [2][-]{section*.207}{\376\377\004\037\004\076\004\073\004\070\004\074\004\076\004\100\004\104\004\070\004\067\004\074\000\040\004\062\004\113\004\101\004\110\004\070\004\105\000\040\004\077\004\076\004\100\004\117\004\064\004\072\004\076\004\062}{section.17.2}% 257
\BOOKMARK [2][-]{section*.208}{\376\377\004\033\004\065\004\072\004\101\004\070\004\107\004\065\004\101\004\072\004\070\000\040\004\101\004\062\004\117\004\067\004\060\004\075\004\075\004\113\004\065\000\040\004\102\004\070\004\077\004\113}{section.17.2}% 258
\BOOKMARK [2][-]{section*.209}{\376\377\004\030\000\040\004\064\004\100\004\103\004\063\004\070\004\065\000\040\004\103\004\064\004\076\004\061\004\101\004\102\004\062\004\060\000\040\004\070\000\040\004\103\004\072\004\100\004\060\004\110\004\065\004\075\004\070\004\117}{section.17.2}% 259
\BOOKMARK [1][-]{section.17.3}{\376\377\004\032\004\100\004\060\004\102\004\072\004\076\004\065\000\040\004\101\004\076\004\064\004\065\004\100\004\066\004\060\004\075\004\070\004\065}{chapter.17}% 260
\BOOKMARK [1][-]{section.17.4}{\376\377\004\043\004\077\004\100\004\060\004\066\004\075\004\065\004\075\004\070\004\117}{chapter.17}% 261
\BOOKMARK [0][-]{chapter.18}{\376\377\004\041\004\100\004\065\004\064\004\101\004\102\004\062\004\060\000\040\004\100\004\060\004\067\004\100\004\060\004\061\004\076\004\102\004\072\004\070}{}% 262
\BOOKMARK [1][-]{section.18.1}{\376\377\004\037\004\060\004\072\004\065\004\102\004\113}{chapter.18}% 263
\BOOKMARK [2][-]{section*.210}{\376\377\004\041\004\076\004\067\004\064\004\060\004\075\004\070\004\065\000\040\004\077\004\060\004\072\004\065\004\102\004\076\004\062}{section.18.1}% 264
\BOOKMARK [2][-]{section*.213}{\376\377\004\041\004\076\004\067\004\064\004\060\004\121\004\074\000\040\004\061\004\070\004\061\004\073\004\070\004\076\004\102\004\065\004\072\004\070}{section.18.1}% 265
\BOOKMARK [2][-]{section*.214}{\376\377\004\041\004\076\004\067\004\064\004\060\004\121\004\074\000\040\004\070\004\101\004\077\004\076\004\073\004\075\004\117\004\065\004\074\004\113\004\065\000\040\004\077\004\100\004\076\004\063\004\100\004\060\004\074\004\074\004\113}{section.18.1}% 266
\BOOKMARK [2][-]{section*.215}{\376\377\004\043\004\101\004\102\004\060\004\075\004\076\004\062\004\072\004\060\000\040\004\077\004\060\004\072\004\065\004\102\004\060}{section.18.1}% 267
\BOOKMARK [2][-]{section*.216}{\376\377\004\043\004\064\004\060\004\073\004\065\004\075\004\070\004\065\000\040\004\061\004\070\004\061\004\073\004\070\004\076\004\102\004\065\004\072\004\070}{section.18.1}% 268
\BOOKMARK [2][-]{section*.217}{\376\377\004\040\004\065\004\077\004\076\004\067\004\070\004\102\004\076\004\100\004\070\004\071\000\040\004\077\004\060\004\072\004\065\004\102\004\076\004\062\000\040\000H\000a\000c\000k\000a\000g\000e}{section.18.1}% 269
\BOOKMARK [2][-]{section*.218}{\376\377\004\024\004\076\004\077\004\076\004\073\004\075\004\070\004\102\004\065\004\073\004\114\004\075\004\113\004\065\000\040\004\060\004\102\004\100\004\070\004\061\004\103\004\102\004\113\000\040\004\077\004\060\004\072\004\065\004\102\004\060}{section.18.1}% 270
\BOOKMARK [2][-]{section*.219}{\376\377\004\043\004\101\004\102\004\060\004\075\004\076\004\062\004\072\004\060\000\040\004\061\004\070\004\061\004\073\004\070\004\076\004\102\004\065\004\072\000\040\004\064\004\073\004\117\000\040\004\077\004\100\004\076\004\104\004\070\004\073\004\070\004\100\004\076\004\062\004\060\004\075\004\070\004\117}{section.18.1}% 271
\BOOKMARK [1][-]{section.18.2}{\376\377\004\041\004\076\004\067\004\064\004\060\004\075\004\070\004\065\000\040\004\064\004\076\004\072\004\103\004\074\004\065\004\075\004\102\004\060\004\106\004\070\004\070\000\040\004\101\000\040\004\077\004\076\004\074\004\076\004\111\004\114\004\116\000\040\000H\000a\000d\000d\000o\000c\000k}{chapter.18}% 272
\BOOKMARK [2][-]{section*.220}{\376\377\004\032\004\076\004\074\004\074\004\065\004\075\004\102\004\060\004\100\004\070\004\070\000\040\004\072\000\040\004\076\004\077\004\100\004\065\004\064\004\065\004\073\004\065\004\075\004\070\004\117\004\074}{section.18.2}% 273
\BOOKMARK [2][-]{section*.221}{\376\377\004\032\004\076\004\074\004\074\004\065\004\075\004\102\004\060\004\100\004\070\004\070\000\040\004\072\000\040\004\074\004\076\004\064\004\103\004\073\004\116}{section.18.2}% 274
\BOOKMARK [2][-]{section*.222}{\376\377\004\041\004\102\004\100\004\103\004\072\004\102\004\103\004\100\004\060\000\040\004\101\004\102\004\100\004\060\004\075\004\070\004\106\004\113\000\040\004\064\004\076\004\072\004\103\004\074\004\065\004\075\004\102\004\060\004\106\004\070\004\070}{section.18.2}% 275
\BOOKMARK [2][-]{section*.223}{\376\377\004\040\004\060\004\067\004\074\004\065\004\102\004\072\004\060}{section.18.2}% 276
\BOOKMARK [1][-]{section.18.3}{\376\377\004\032\004\100\004\060\004\102\004\072\004\076\004\065\000\040\004\101\004\076\004\064\004\065\004\100\004\066\004\060\004\075\004\070\004\065}{chapter.18}% 277
\BOOKMARK [1][-]{section.18.4}{\376\377\004\043\004\077\004\100\004\060\004\066\004\075\004\065\004\075\004\070\004\117}{chapter.18}% 278
\BOOKMARK [0][-]{chapter.20}{\376\377\004\036\004\100\004\070\004\065\004\075\004\102\004\070\004\100\004\103\004\065\004\074\004\101\004\117\000\040\004\077\004\076\000\040\004\072\004\060\004\100\004\102\004\065}{}% 279
\BOOKMARK [1][-]{section.20.1}{\376\377\004\020\004\073\004\063\004\076\004\100\004\070\004\102\004\074\000\040\004\115\004\062\004\100\004\070\004\101\004\102\004\070\004\107\004\065\004\101\004\072\004\076\004\063\004\076\000\040\004\077\004\076\004\070\004\101\004\072\004\060\000\040\004\020\000*}{chapter.20}% 280
\BOOKMARK [2][-]{section*.234}{\376\377\004\037\004\076\004\070\004\101\004\072\000\040\004\074\004\060\004\100\004\110\004\100\004\103\004\102\004\076\004\062\000\040\004\062\000\040\004\074\004\065\004\102\004\100\004\076}{section.20.1}% 281
\BOOKMARK [1][-]{section.20.2}{\376\377\004\042\004\065\004\101\004\102\004\070\004\100\004\076\004\062\004\060\004\075\004\070\004\065\000\040\004\101\000\040\004\077\004\076\004\074\004\076\004\111\004\114\004\116\000\040\000Q\000u\000i\000c\000k\000C\000h\000e\000c\000k}{chapter.20}% 282
\BOOKMARK [2][-]{section*.235}{\376\377\004\044\004\076\004\100\004\074\004\070\004\100\004\076\004\062\004\060\004\075\004\070\004\065\000\040\004\102\004\065\004\101\004\102\004\076\004\062\004\076\004\071\000\040\004\062\004\113\004\061\004\076\004\100\004\072\004\070}{section.20.2}% 283
\BOOKMARK [2][-]{section*.236}{\376\377\004\032\004\073\004\060\004\101\004\101\004\070\004\104\004\070\004\072\004\060\004\106\004\070\004\117\000\040\004\102\004\065\004\101\004\102\004\076\004\062\004\113\004\105\000\040\004\101\004\073\004\103\004\107\004\060\004\065\004\062}{section.20.2}% 284
\BOOKMARK [1][-]{section.20.3}{\376\377\004\036\004\106\004\065\004\075\004\072\004\060\000\040\004\110\004\103\004\101\004\102\004\100\004\076\004\064\004\065\004\071\004\101\004\102\004\062\004\070\004\117\000\040\004\101\000\040\004\077\004\076\004\074\004\076\004\111\004\114\004\116\000\040\000c\000r\000i\000t\000e\000r\000i\000o\000n}{chapter.20}% 285
\BOOKMARK [2][-]{section*.237}{\376\377\004\036\004\101\004\075\004\076\004\062\004\075\004\113\004\065\000\040\004\102\004\070\004\077\004\113\000\040\000c\000r\000i\000t\000e\000r\000i\000o\000n}{section.20.3}% 286
\BOOKMARK [1][-]{section.20.4}{\376\377\004\032\004\100\004\060\004\102\004\072\004\076\004\065\000\040\004\101\004\076\004\064\004\065\004\100\004\066\004\060\004\075\004\070\004\065}{chapter.20}% 287
\BOOKMARK [1][-]{section.20.5}{\376\377\004\043\004\077\004\100\004\060\004\066\004\075\004\065\004\075\004\070\004\117}{chapter.20}% 288
\BOOKMARK [0][-]{chapter.20}{\376\377\004\030\004\074\004\077\004\065\004\100\004\060\004\102\004\070\004\062\004\075\004\076\004\065\000\040\004\077\004\100\004\076\004\063\004\100\004\060\004\074\004\074\004\070\004\100\004\076\004\062\004\060\004\075\004\070\004\065}{}% 289
\BOOKMARK [1][-]{section.20.1}{\376\377\004\036\004\101\004\075\004\076\004\062\004\075\004\113\004\065\000\040\004\061\004\070\004\061\004\073\004\070\004\076\004\102\004\065\004\072\004\070}{chapter.20}% 290
\BOOKMARK [2][-]{section*.239}{\376\377\004\030\004\067\004\074\004\065\004\075\004\117\004\065\004\074\004\113\004\065\000\040\004\067\004\075\004\060\004\107\004\065\004\075\004\070\004\117}{section.20.1}% 291
\BOOKMARK [2][-]{section*.242}{\376\377\000O\000p\000e\000n\000G\000L}{section.20.1}% 292
\BOOKMARK [2][-]{section*.244}{\376\377\000C\000h\000i\000p\000m\000u\000n\000k}{section.20.1}% 293
\BOOKMARK [1][-]{section.20.2}{\376\377\004\021\004\076\004\100\004\065\004\074\004\101\004\117\000\040\004\101\000\040\000I\000O}{chapter.20}% 294
\BOOKMARK [1][-]{section.20.3}{\376\377\004\036\004\077\004\100\004\065\004\064\004\065\004\073\004\117\004\065\004\074\004\101\004\117\000\040\004\101\000\040\004\102\004\070\004\077\004\060\004\074\004\070}{chapter.20}% 295
\BOOKMARK [1][-]{section.20.4}{\376\377\004\041\004\102\004\100\004\103\004\072\004\102\004\103\004\100\004\060\000\040\004\077\004\100\004\076\004\065\004\072\004\102\004\060}{chapter.20}% 296
\BOOKMARK [1][-]{section.20.5}{\376\377\004\024\004\065\004\102\004\060\004\073\004\070\004\067\004\070\004\100\004\103\004\065\004\074\000\040\004\104\004\103\004\075\004\072\004\106\004\070\004\070\000\040\004\076\004\061\004\075\004\076\004\062\004\073\004\065\004\075\004\070\004\117\000\040\004\101\004\076\004\101\004\102\004\076\004\117\004\075\004\070\004\117\000\040\004\070\004\063\004\100\004\113}{chapter.20}% 297
\BOOKMARK [1][-]{section.20.6}{\376\377\004\024\004\065\004\102\004\060\004\073\004\070\004\067\004\070\004\100\004\103\004\065\004\074\000\040\004\064\004\060\004\073\004\114\004\110\004\065}{chapter.20}% 298
\BOOKMARK [1][-]{section.20.7}{\376\377\004\032\004\100\004\060\004\102\004\072\004\076\004\065\000\040\004\101\004\076\004\064\004\065\004\100\004\066\004\060\004\075\004\070\004\065}{chapter.20}% 299
\BOOKMARK [1][-]{section.20.8}{\376\377\004\043\004\077\004\100\004\060\004\066\004\075\004\065\004\075\004\070\004\117}{chapter.20}% 300
\BOOKMARK [0][-]{chapter.21}{\376\377\004\034\004\103\004\067\004\113\004\072\004\060\004\073\004\114\004\075\004\113\004\071\000\040\004\077\004\100\004\070\004\074\004\065\004\100}{}% 301
\BOOKMARK [1][-]{section.21.1}{\376\377\004\034\004\103\004\067\004\113\004\072\004\060\004\073\004\114\004\075\004\060\004\117\000\040\004\075\004\076\004\102\004\060\004\106\004\070\004\117}{chapter.21}% 302
\BOOKMARK [2][-]{section*.245}{\376\377\004\035\004\076\004\102\004\075\004\060\004\117\000\040\004\067\004\060\004\077\004\070\004\101\004\114\000\040\004\062\000\040\004\065\004\062\004\100\004\076\004\077\004\065\004\071\004\101\004\072\004\076\004\071\000\040\004\102\004\100\004\060\004\064\004\070\004\106\004\070\004\070}{section.21.1}% 303
\BOOKMARK [2][-]{section*.246}{\376\377\004\037\004\100\004\076\004\102\004\076\004\072\004\076\004\073\000\040\000m\000i\000d\000i}{section.21.1}% 304
\BOOKMARK [1][-]{section.21.2}{\376\377\004\034\004\103\004\067\004\113\004\072\004\060\004\073\004\114\004\075\004\060\004\117\000\040\004\067\004\060\004\077\004\070\004\101\004\114\000\040\004\062\000\040\004\062\004\070\004\064\004\065\000\040\004\101\004\076\004\061\004\113\004\102\004\070\004\071}{chapter.21}% 305
\BOOKMARK [2][-]{section*.247}{\376\377\004\037\004\100\004\065\004\076\004\061\004\100\004\060\004\067\004\076\004\062\004\060\004\075\004\070\004\065\000\040\004\101\004\076\004\061\004\113\004\102\004\070\004\071\000\040\004\062\004\076\000\040\004\062\004\100\004\065\004\074\004\065\004\075\004\070}{section.21.2}% 306
\BOOKMARK [2][-]{section*.249}{\376\377\004\032\004\076\004\074\004\077\004\076\004\067\004\070\004\106\004\070\004\117\000\040\004\102\004\100\004\065\004\072\004\076\004\062}{section.21.2}% 307
\BOOKMARK [2][-]{section*.250}{\376\377\004\055\004\072\004\067\004\065\004\074\004\077\004\073\004\117\004\100\004\113\000\040\004\101\004\102\004\060\004\075\004\064\004\060\004\100\004\102\004\075\004\113\004\105\000\040\004\072\004\073\004\060\004\101\004\101\004\076\004\062}{section.21.2}% 308
\BOOKMARK [1][-]{section.21.3}{\376\377\004\035\004\076\004\102\004\113\000\040\004\062\000\040\000m\000i\000d\000i}{chapter.21}% 309
\BOOKMARK [2][-]{section*.251}{\376\377\004\041\004\070\004\075\004\076\004\075\004\070\004\074\004\113\000\040\004\064\004\073\004\117\000\040\004\075\004\076\004\102}{section.21.3}% 310
\BOOKMARK [1][-]{section.21.4}{\376\377\004\037\004\065\004\100\004\065\004\062\004\076\004\064\000\040\004\062\000\040\000m\000i\000d\000i}{chapter.21}% 311
\BOOKMARK [1][-]{section.21.5}{\376\377\004\037\004\100\004\070\004\074\004\065\004\100}{chapter.21}% 312
\BOOKMARK [1][-]{section.21.6}{\376\377\004\055\004\104\004\104\004\065\004\072\004\102\004\070\004\062\004\075\004\076\004\065\000\040\004\077\004\100\004\065\004\064\004\101\004\102\004\060\004\062\004\073\004\065\004\075\004\070\004\065\000\040\004\074\004\103\004\067\004\113\004\072\004\060\004\073\004\114\004\075\004\076\004\071\000\040\004\075\004\076\004\102\004\060\004\106\004\070\004\070}{chapter.21}% 313
\BOOKMARK [1][-]{section.21.7}{\376\377\004\032\004\100\004\060\004\102\004\072\004\076\004\065\000\040\004\101\004\076\004\064\004\065\004\100\004\066\004\060\004\075\004\070\004\065}{chapter.21}% 314
\BOOKMARK [1][-]{section.21.8}{\376\377\004\043\004\077\004\100\004\060\004\066\004\075\004\065\004\075\004\070\004\117}{chapter.21}% 315
\BOOKMARK [0][-]{chapter*.257}{\376\377\004\037\004\100\004\070\004\073\004\076\004\066\004\065\004\075\004\070\004\117}{}% 316
\BOOKMARK [1][-]{section*.258}{\376\377\004\035\004\060\004\107\004\060\004\073\004\076\000\040\004\100\004\060\004\061\004\076\004\102\004\113\000\040\004\101\000\040\000H\000a\000s\000k\000e\000l\000l}{chapter*.257}% 317
\BOOKMARK [1][-]{section*.261}{\376\377\004\033\004\070\004\102\004\065\004\100\004\060\004\102\004\103\004\100\004\060}{chapter*.257}% 318
\BOOKMARK [2][-]{section*.262}{\376\377\004\032\004\075\004\070\004\063\004\070}{section*.261}% 319
\BOOKMARK [2][-]{section*.263}{\376\377\004\042\004\065\004\074\004\060\004\102\004\070\004\107\004\065\004\101\004\072\004\070\004\071\000\040\004\101\004\061\004\076\004\100\004\075\004\070\004\072}{section*.261}% 320
\BOOKMARK [2][-]{section*.274}{\376\377\004\030\000\040\004\062\004\101\004\065\000-\004\062\004\101\004\065\000-\004\062\004\101\004\065}{section*.261}% 321
\BOOKMARK [1][-]{section*.275}{\376\377\004\036\004\061\004\067\004\076\004\100\000\040\000H\000a\000c\000k\000a\000g\000e}{chapter*.257}% 322
\BOOKMARK [2][-]{section*.276}{\376\377\004\041\004\102\004\060\004\075\004\064\004\060\004\100\004\102\004\075\004\113\004\065\000\040\004\061\004\070\004\061\004\073\004\070\004\076\004\102\004\065\004\072\004\070}{section*.275}% 323
\BOOKMARK [2][-]{section*.277}{\376\377\004\055\004\104\004\104\004\065\004\072\004\102\004\070\004\062\004\075\004\113\004\065\000\040\004\102\004\070\004\077\004\113\000\040\004\064\004\060\004\075\004\075\004\113\004\105}{section*.275}% 324
\BOOKMARK [2][-]{section*.278}{\376\377\004\040\004\060\004\067\004\100\004\060\004\061\004\076\004\102\004\072\004\060\000\040\004\077\004\100\004\076\004\063\004\100\004\060\004\074\004\074}{section*.275}% 325
\BOOKMARK [2][-]{section*.279}{\376\377\004\030\000\040\004\062\004\101\004\065\000-\004\062\004\101\004\065\000-\004\062\004\101\004\065}{section*.275}% 326
\BOOKMARK [1][-]{section*.280}{\376\377\004\034\004\065\004\101\004\102\004\060}{chapter*.257}% 327
\BOOKMARK [2][-]{section*.281}{\376\377\004\043\004\075\004\070\004\062\004\065\004\100\004\101\004\070\004\102\004\065\004\102\004\113}{section*.280}% 328
\BOOKMARK [2][-]{section*.282}{\376\377\004\032\004\076\004\074\004\077\004\060\004\075\004\070\004\070}{section*.280}% 329
